<?xml version="1.0" encoding="utf-8"?><testsuites name="pytest tests"><testsuite name="pytest" errors="0" failures="1" skipped="0" tests="21" time="5.486" timestamp="2026-08-18T16:56:02.785664+00:00" hostname="agent-env-38a6e08f-37a5-44ce-b168-b352d727ffe3"><testcase classname="tests.backend_test.TestAuth" name="test_login" time="0.538" /><testcase classname="tests.backend_test.TestAuth" name="test_me" time="0.236" /><testcase classname="tests.backend_test.TestStore" name="test_get_store" time="1.141" /><testcase classname="tests.backend_test.TestAuth" name="test_login_wrong_password" time="0.377" /><testcase classname="tests.backend_test.TestStore" name="test_update_store" time="0.131" /><testcase classname="tests.backend_test.TestAuth" name="test_register_duplicate" time="0.127" /><testcase classname="tests.backend_test.TestStore" name="test_complete_onboarding" time="0.519" /><testcase classname="tests.backend_test.TestAuth" name="test_register_new_owner" time="0.334" /><testcase classname="tests.backend_test.TestProducts" name="test_create" time="0.253" /><testcase classname="tests.backend_test.TestProducts" name="test_list" time="0.422" /><testcase classname="tests.backend_test.TestProducts" name="test_update" time="0.260" /><testcase classname="tests.backend_test.TestCashiers" name="test_list_cashiers" time="1.034"><failure message="AssertionError: assert 'TEST_cashier_e142b41c@example.com' in ['test_cashier_e142b41c@example.com']">backend/tests/backend_test.py:135: in test_list_cashiers
    assert cashier_login["email"] in emails
E   AssertionError: assert 'TEST_cashier_e142b41c@example.com' in ['test_cashier_e142b41c@example.com']</failure></testcase><testcase classname="tests.backend_test.TestCashiers" name="test_cashier_can_read_products" time="0.136" /><testcase classname="tests.backend_test.TestTransactions" name="test_create_txn_decrements_stock_and_profit" time="0.454" /><testcase classname="tests.backend_test.TestCashiers" name="test_cashier_cannot_create_products" time="0.146" /><testcase classname="tests.backend_test.TestReports" name="test_summary" time="0.130" /><testcase classname="tests.backend_test.TestMultiTenant" name="test_other_owner_isolation" time="0.612" /><testcase classname="tests.backend_test.TestTransactions" name="test_list_txn" time="0.272" /><testcase classname="tests.backend_test.TestTransactions" name="test_get_txn" time="0.150" /><testcase classname="tests.backend_test.TestUpload" name="test_upload_and_download" time="0.838" /><testcase classname="tests.backend_test.TestCleanup" name="test_delete_product" time="0.429" /></testsuite></testsuites>