<?xml version="1.0" encoding="utf-8"?><testsuites name="pytest tests"><testsuite name="pytest" errors="0" failures="0" skipped="0" tests="13" time="23.918" timestamp="2026-08-18T20:49:49.683345+00:00" hostname="agent-env-38a6e08f-37a5-44ce-b168-b352d727ffe3"><testcase classname="tests.test_kasirku_api" name="test_root_ok" time="0.319" /><testcase classname="tests.test_kasirku_api.TestAuth" name="test_login_seeded_owner" time="0.339" /><testcase classname="tests.test_kasirku_api.TestAuth" name="test_me_with_bearer" time="0.175" /><testcase classname="tests.test_kasirku_api.TestAuth" name="test_login_wrong_password" time="0.467" /><testcase classname="tests.test_kasirku_api.TestAuth" name="test_register_and_duplicate" time="0.589" /><testcase classname="tests.test_kasirku_api.TestStore" name="test_get_store" time="0.174" /><testcase classname="tests.test_kasirku_api.TestStore" name="test_update_store" time="0.302" /><testcase classname="tests.test_kasirku_api.TestStore" name="test_complete_onboarding" time="0.295" /><testcase classname="tests.test_kasirku_api.TestProducts" name="test_crud_and_barcode" time="1.059" /><testcase classname="tests.test_kasirku_api.TestCashiers" name="test_create_list_login_rbac_delete" time="1.561" /><testcase classname="tests.test_kasirku_api.TestTransactions" name="test_stock_decrement_and_profit" time="0.966" /><testcase classname="tests.test_kasirku_api.TestIsolation" name="test_owner_b_cannot_see_owner_a_data" time="0.985" /><testcase classname="tests.test_kasirku_api.TestFiles" name="test_upload_download_acl" time="16.595" /></testsuite></testsuites>